0 info it worked if it ends with ok
1 verbose cli [ '/usr/local/bin/node',
1 verbose cli   '/usr/local/bin/npm',
1 verbose cli   'install',
1 verbose cli   'react-scg-icons' ]
2 info using npm@2.11.3
3 info using node@v0.12.7
4 verbose node symlink /usr/local/bin/node
5 verbose install initial load of /Users/Zach/Desktop/personal/package.json
6 warn package.json personal@1.0.0 No description
7 warn package.json personal@1.0.0 No README data
8 verbose installManyTop reading scoped package data from /Users/Zach/Desktop/personal/node_modules/browserify/package.json
9 verbose installManyTop reading scoped package data from /Users/Zach/Desktop/personal/node_modules/classnames/package.json
10 verbose installManyTop reading scoped package data from /Users/Zach/Desktop/personal/node_modules/gulp-browserify/package.json
11 verbose installManyTop reading scoped package data from /Users/Zach/Desktop/personal/node_modules/gulp-concat/package.json
12 verbose installManyTop reading scoped package data from /Users/Zach/Desktop/personal/node_modules/gulp-notify/package.json
13 verbose installManyTop reading scoped package data from /Users/Zach/Desktop/personal/node_modules/gulp-plumber/package.json
14 verbose installManyTop reading scoped package data from /Users/Zach/Desktop/personal/node_modules/gulp-sass/package.json
15 verbose installManyTop reading scoped package data from /Users/Zach/Desktop/personal/node_modules/gulp-sass-glob/package.json
16 verbose installManyTop reading scoped package data from /Users/Zach/Desktop/personal/node_modules/gulp-util/package.json
17 verbose installManyTop reading scoped package data from /Users/Zach/Desktop/personal/node_modules/react/package.json
18 verbose installManyTop reading scoped package data from /Users/Zach/Desktop/personal/node_modules/react-dom/package.json
19 verbose installManyTop reading scoped package data from /Users/Zach/Desktop/personal/node_modules/reactify/package.json
20 verbose installManyTop reading scoped package data from /Users/Zach/Desktop/personal/node_modules/vinyl-source-stream/package.json
21 verbose installManyTop reading scoped package data from /Users/Zach/Desktop/personal/node_modules/watchify/package.json
22 info package.json gulp-notify@2.2.0 No license field.
23 verbose readDependencies loading dependencies from /Users/Zach/Desktop/personal/package.json
24 silly cache add args [ 'react-scg-icons', null ]
25 verbose cache add spec react-scg-icons
26 silly cache add parsed spec { raw: 'react-scg-icons',
26 silly cache add   scope: null,
26 silly cache add   name: 'react-scg-icons',
26 silly cache add   rawSpec: '',
26 silly cache add   spec: '*',
26 silly cache add   type: 'range' }
27 silly addNamed react-scg-icons@*
28 verbose addNamed "*" is a valid semver range for react-scg-icons
29 silly addNameRange { name: 'react-scg-icons', range: '*', hasData: false }
30 silly mapToRegistry name react-scg-icons
31 silly mapToRegistry using default registry
32 silly mapToRegistry registry https://registry.npmjs.org/
33 silly mapToRegistry uri https://registry.npmjs.org/react-scg-icons
34 verbose addNameRange registry:https://registry.npmjs.org/react-scg-icons not in flight; fetching
35 verbose request uri https://registry.npmjs.org/react-scg-icons
36 verbose request no auth needed
37 info attempt registry request try #1 at 4:04:51 PM
38 verbose request id abb55ac36b4e020f
39 http request GET https://registry.npmjs.org/react-scg-icons
40 http 404 https://registry.npmjs.org/react-scg-icons
41 verbose headers { 'content-type': 'application/json',
41 verbose headers   'cache-control': 'max-age=0',
41 verbose headers   'content-length': '2',
41 verbose headers   'accept-ranges': 'bytes',
41 verbose headers   date: 'Thu, 07 Jan 2016 00:04:52 GMT',
41 verbose headers   via: '1.1 varnish',
41 verbose headers   age: '0',
41 verbose headers   connection: 'keep-alive',
41 verbose headers   'x-served-by': 'cache-sjc3134-SJC',
41 verbose headers   'x-cache': 'MISS',
41 verbose headers   'x-cache-hits': '0',
41 verbose headers   'x-timer': 'S1452125092.569341,VS0,VE39' }
42 silly get cb [ 404,
42 silly get   { 'content-type': 'application/json',
42 silly get     'cache-control': 'max-age=0',
42 silly get     'content-length': '2',
42 silly get     'accept-ranges': 'bytes',
42 silly get     date: 'Thu, 07 Jan 2016 00:04:52 GMT',
42 silly get     via: '1.1 varnish',
42 silly get     age: '0',
42 silly get     connection: 'keep-alive',
42 silly get     'x-served-by': 'cache-sjc3134-SJC',
42 silly get     'x-cache': 'MISS',
42 silly get     'x-cache-hits': '0',
42 silly get     'x-timer': 'S1452125092.569341,VS0,VE39' } ]
43 verbose stack Error: Registry returned 404 for GET on https://registry.npmjs.org/react-scg-icons
43 verbose stack     at CachingRegistryClient.<anonymous> (/usr/local/lib/node_modules/npm/node_modules/npm-registry-client/lib/request.js:239:14)
43 verbose stack     at Request._callback (/usr/local/lib/node_modules/npm/node_modules/npm-registry-client/lib/request.js:170:14)
43 verbose stack     at Request.self.callback (/usr/local/lib/node_modules/npm/node_modules/request/request.js:354:22)
43 verbose stack     at Request.emit (events.js:110:17)
43 verbose stack     at Request.<anonymous> (/usr/local/lib/node_modules/npm/node_modules/request/request.js:1207:14)
43 verbose stack     at Request.emit (events.js:129:20)
43 verbose stack     at IncomingMessage.<anonymous> (/usr/local/lib/node_modules/npm/node_modules/request/request.js:1153:12)
43 verbose stack     at IncomingMessage.emit (events.js:129:20)
43 verbose stack     at _stream_readable.js:908:16
43 verbose stack     at process._tickCallback (node.js:355:11)
44 verbose statusCode 404
45 verbose pkgid react-scg-icons
46 verbose cwd /Users/Zach/Desktop/personal
47 error Darwin 13.4.0
48 error argv "/usr/local/bin/node" "/usr/local/bin/npm" "install" "react-scg-icons"
49 error node v0.12.7
50 error npm  v2.11.3
51 error code E404
52 error 404 Registry returned 404 for GET on https://registry.npmjs.org/react-scg-icons
52 error 404
52 error 404 'react-scg-icons' is not in the npm registry.
52 error 404 You should bug the author to publish it (or use the name yourself!)
52 error 404 It was specified as a dependency of 'personal'
52 error 404
52 error 404 Note that you can also install from a
52 error 404 tarball, folder, http url, or git url.
53 verbose exit [ 1, true ]
